
> media-service@1.0.0 dev
> tsx watch src/server.ts


> media-service@1.0.0 dev
> tsx watch src/server.ts


> media-service@1.0.0 dev
> tsx watch src/server.ts

sh: 1: tsx: not found
npm error Lifecycle script `dev` failed with error:
npm error code 127
npm error path /home/dhruv/work-dhruv/hph/els-ai/els-ai/backend/media-service
npm error workspace media-service@1.0.0
npm error location /home/dhruv/work-dhruv/hph/els-ai/els-ai/backend/media-service
npm error command failed
npm error command sh -c tsx watch src/server.ts

> media-service@1.0.0 dev
> tsx watch src/server.ts

sh: 1: tsx: not found
npm error Lifecycle script `dev` failed with error:
npm error code 127
npm error path /home/dhruv/work-dhruv/hph/els-ai/els-ai/backend/media-service
npm error workspace media-service@1.0.0
npm error location /home/dhruv/work-dhruv/hph/els-ai/els-ai/backend/media-service
npm error command failed
npm error command sh -c tsx watch src/server.ts

> media-service@1.0.0 dev
> tsx watch src/server.ts

sh: 1: tsx: not found
npm error Lifecycle script `dev` failed with error:
npm error code 127
npm error path /home/dhruv/work-dhruv/hph/els-ai/els-ai/backend/media-service
npm error workspace media-service@1.0.0
npm error location /home/dhruv/work-dhruv/hph/els-ai/els-ai/backend/media-service
npm error command failed
npm error command sh -c tsx watch src/server.ts

> media-service@1.0.0 dev
> tsx watch src/server.ts

sh: 1: tsx: not found
npm error Lifecycle script `dev` failed with error:
npm error code 127
npm error path /home/dhruv/work-dhruv/hph/els-ai/els-ai/backend/media-service
npm error workspace media-service@1.0.0
npm error location /home/dhruv/work-dhruv/hph/els-ai/els-ai/backend/media-service
npm error command failed
npm error command sh -c tsx watch src/server.ts

> media-service@1.0.0 dev
> tsx watch src/server.ts

sh: 1: tsx: not found
npm error Lifecycle script `dev` failed with error:
npm error code 127
npm error path /home/dhruv/work-dhruv/hph/els-ai/els-ai/backend/media-service
npm error workspace media-service@1.0.0
npm error location /home/dhruv/work-dhruv/hph/els-ai/els-ai/backend/media-service
npm error command failed
npm error command sh -c tsx watch src/server.ts

> media-service@1.0.0 dev
> tsx watch src/server.ts

(node:33238) Warning: NodeVersionSupportWarning: The AWS SDK for JavaScript (v3)
versions published after the first week of January 2027
will require node >=22. You are running node v20.19.4.

To continue receiving updates to AWS services, bug fixes,
and security updates please upgrade to node >=22.

More information can be found at: https://a.co/c895JFp
(Use `node --trace-warnings ...` to show where the warning was created)
Media Service listening on http://localhost:4004

> media-service@1.0.0 dev
> tsx watch src/server.ts

(node:53606) Warning: NodeVersionSupportWarning: The AWS SDK for JavaScript (v3)
versions published after the first week of January 2027
will require node >=22. You are running node v20.19.4.

To continue receiving updates to AWS services, bug fixes,
and security updates please upgrade to node >=22.

More information can be found at: https://a.co/c895JFp
(Use `node --trace-warnings ...` to show where the warning was created)
Media Service listening on http://localhost:4004

> media-service@1.0.0 dev
> tsx watch src/server.ts

(node:55442) Warning: NodeVersionSupportWarning: The AWS SDK for JavaScript (v3)
versions published after the first week of January 2027
will require node >=22. You are running node v20.19.4.

To continue receiving updates to AWS services, bug fixes,
and security updates please upgrade to node >=22.

More information can be found at: https://a.co/c895JFp
(Use `node --trace-warnings ...` to show where the warning was created)
Media Service listening on http://localhost:4004

> media-service@1.0.0 dev
> tsx watch src/server.ts

(node:88666) Warning: NodeVersionSupportWarning: The AWS SDK for JavaScript (v3)
versions published after the first week of January 2027
will require node >=22. You are running node v20.19.4.

To continue receiving updates to AWS services, bug fixes,
and security updates please upgrade to node >=22.

More information can be found at: https://a.co/c895JFp
(Use `node --trace-warnings ...` to show where the warning was created)
Media Service listening on http://localhost:4004

> media-service@1.0.0 dev
> tsx watch src/server.ts

(node:89803) Warning: NodeVersionSupportWarning: The AWS SDK for JavaScript (v3)
versions published after the first week of January 2027
will require node >=22. You are running node v20.19.4.

To continue receiving updates to AWS services, bug fixes,
and security updates please upgrade to node >=22.

More information can be found at: https://a.co/c895JFp
(Use `node --trace-warnings ...` to show where the warning was created)
Media Service listening on http://localhost:4004
npm error Lifecycle script `dev` failed with error:
npm error code 143
npm error path /Users/Harish.Muleva/personal/els-ai/backend/media-service
npm error workspace media-service@1.0.0
npm error location /Users/Harish.Muleva/personal/els-ai/backend/media-service
npm error command failed
npm error command sh -c tsx watch src/server.ts

> media-service@1.0.0 dev
> tsx watch src/server.ts

(node:4413) Warning: NodeVersionSupportWarning: The AWS SDK for JavaScript (v3)
versions published after the first week of January 2027
will require node >=22. You are running node v20.19.4.

To continue receiving updates to AWS services, bug fixes,
and security updates please upgrade to node >=22.

More information can be found at: https://a.co/c895JFp
(Use `node --trace-warnings ...` to show where the warning was created)
Media Service listening on http://localhost:4004
npm error Lifecycle script `dev` failed with error:
npm error code 15
npm error path /Users/Harish.Muleva/personal/els-ai/backend/media-service
npm error workspace media-service@1.0.0
npm error location /Users/Harish.Muleva/personal/els-ai/backend/media-service
npm error command failed
npm error command sh -c tsx watch src/server.ts

> media-service@1.0.0 dev
> tsx watch src/server.ts

(node:2620) Warning: NodeVersionSupportWarning: The AWS SDK for JavaScript (v3)
versions published after the first week of January 2027
will require node >=22. You are running node v20.19.4.

To continue receiving updates to AWS services, bug fixes,
and security updates please upgrade to node >=22.

More information can be found at: https://a.co/c895JFp
(Use `node --trace-warnings ...` to show where the warning was created)
Media Service listening on http://localhost:4004

> media-service@1.0.0 dev
> tsx watch src/server.ts

(node:3957) Warning: NodeVersionSupportWarning: The AWS SDK for JavaScript (v3)
versions published after the first week of January 2027
will require node >=22. You are running node v20.19.4.

To continue receiving updates to AWS services, bug fixes,
and security updates please upgrade to node >=22.

More information can be found at: https://a.co/c895JFp
(Use `node --trace-warnings ...` to show where the warning was created)
Media Service listening on http://localhost:4004
9:10:09 PM [tsx] change in ./src/routes/assets.ts Rerunning...
c(node:35047) Warning: NodeVersionSupportWarning: The AWS SDK for JavaScript (v3)
versions published after the first week of January 2027
will require node >=22. You are running node v20.19.4.

To continue receiving updates to AWS services, bug fixes,
and security updates please upgrade to node >=22.

More information can be found at: https://a.co/c895JFp
(Use `node --trace-warnings ...` to show where the warning was created)
Media Service listening on http://localhost:4004
9:11:06 PM [tsx] change in ./src/routes/assets.ts Rerunning...
c(node:35534) Warning: NodeVersionSupportWarning: The AWS SDK for JavaScript (v3)
versions published after the first week of January 2027
will require node >=22. You are running node v20.19.4.

To continue receiving updates to AWS services, bug fixes,
and security updates please upgrade to node >=22.

More information can be found at: https://a.co/c895JFp
(Use `node --trace-warnings ...` to show where the warning was created)
Media Service listening on http://localhost:4004
npm error Lifecycle script `dev` failed with error:
npm error code 15
npm error path /Users/Harish.Muleva/personal/els-ai/backend/media-service
npm error workspace media-service@1.0.0
npm error location /Users/Harish.Muleva/personal/els-ai/backend/media-service
npm error command failed
npm error command sh -c tsx watch src/server.ts

> media-service@1.0.0 dev
> tsx watch src/server.ts

(node:37437) Warning: NodeVersionSupportWarning: The AWS SDK for JavaScript (v3)
versions published after the first week of January 2027
will require node >=22. You are running node v20.19.4.

To continue receiving updates to AWS services, bug fixes,
and security updates please upgrade to node >=22.

More information can be found at: https://a.co/c895JFp
(Use `node --trace-warnings ...` to show where the warning was created)
Media Service listening on http://localhost:4004
